[     9.446] (WW) Failed to open protocol names file lib/xorg/protocol.txt
[     9.446] 
X.Org X Server 1.20.1
X Protocol Version 11, Revision 0
[     9.447] Build Operating System: Linux Arch Linux
[     9.447] Current Operating System: Linux urc 4.18.9-arch1-1-ARCH #1 SMP PREEMPT Wed Sep 19 21:19:17 UTC 2018 x86_64
[     9.447] Kernel command line: BOOT_IMAGE=/vmlinuz-linux root=UUID=ed7f09e9-5b2b-4c0e-a39d-7bc6a683d95d rw quiet
[     9.447] Build Date: 09 August 2018  06:37:34PM
[     9.447]  
[     9.447] Current version of pixman: 0.34.0
[     9.447] 	Before reporting problems, check http://wiki.x.org
	to make sure that you have the latest version.
[     9.447] Markers: (--) probed, (**) from config file, (==) default setting,
	(++) from command line, (!!) notice, (II) informational,
	(WW) warning, (EE) error, (NI) not implemented, (??) unknown.
[     9.448] (==) Log file: "/home/urc/.local/share/xorg/Xorg.0.log", Time: Sat Sep 22 08:55:50 2018
[     9.457] (==) Using system config directory "/usr/share/X11/xorg.conf.d"
[     9.458] (==) No Layout section.  Using the first Screen section.
[     9.458] (==) No screen section available. Using defaults.
[     9.458] (**) |-->Screen "Default Screen Section" (0)
[     9.458] (**) |   |-->Monitor "<default monitor>"
[     9.459] (==) No monitor specified for screen "Default Screen Section".
	Using a default monitor configuration.
[     9.459] (==) Automatically adding devices
[     9.459] (==) Automatically enabling devices
[     9.459] (==) Automatically adding GPU devices
[     9.459] (==) Automatically binding GPU devices
[     9.459] (==) Max clients allowed: 256, resource mask: 0x1fffff
[     9.466] (WW) The directory "/usr/share/fonts/misc" does not exist.
[     9.466] 	Entry deleted from font path.
[     9.467] (WW) The directory "/usr/share/fonts/OTF" does not exist.
[     9.467] 	Entry deleted from font path.
[     9.467] (WW) The directory "/usr/share/fonts/Type1" does not exist.
[     9.467] 	Entry deleted from font path.
[     9.467] (WW) The directory "/usr/share/fonts/100dpi" does not exist.
[     9.467] 	Entry deleted from font path.
[     9.467] (WW) The directory "/usr/share/fonts/75dpi" does not exist.
[     9.467] 	Entry deleted from font path.
[     9.467] (==) FontPath set to:
	/usr/share/fonts/TTF
[     9.467] (==) ModulePath set to "/usr/lib/xorg/modules"
[     9.467] (II) The server relies on udev to provide the list of input devices.
	If no devices become available, reconfigure udev or disable AutoAddDevices.
[     9.467] (II) Module ABI versions:
[     9.467] 	X.Org ANSI C Emulation: 0.4
[     9.467] 	X.Org Video Driver: 24.0
[     9.467] 	X.Org XInput driver : 24.1
[     9.467] 	X.Org Server Extension : 10.0
[     9.468] (++) using VT number 1

[     9.470] (II) systemd-logind: took control of session /org/freedesktop/login1/session/_31
[     9.471] (II) xfree86: Adding drm device (/dev/dri/card1)
[     9.472] (II) systemd-logind: got fd for /dev/dri/card1 226:1 fd 10 paused 0
[     9.472] (II) xfree86: Adding drm device (/dev/dri/card0)
[     9.473] (II) systemd-logind: got fd for /dev/dri/card0 226:0 fd 11 paused 0
[     9.474] (--) PCI:*(0@0:2:0) 8086:0416:103c:1968 rev 6, Mem @ 0xb7000000/4194304, 0xc0000000/268435456, I/O @ 0x00007000/64, BIOS @ 0x????????/131072
[     9.474] (--) PCI: (7@0:0:0) 10de:1341:103c:21a1 rev 162, Mem @ 0xb5000000/16777216, 0xa0000000/268435456, 0xb0000000/33554432, I/O @ 0x00005000/128
[     9.474] (WW) Open ACPI failed (/var/run/acpid.socket) (No such file or directory)
[     9.474] (II) LoadModule: "glx"
[     9.482] (II) Loading /usr/lib/xorg/modules/extensions/libglx.so
[     9.495] (II) Module glx: vendor="X.Org Foundation"
[     9.495] 	compiled for 1.20.1, module version = 1.0.0
[     9.495] 	ABI class: X.Org Server Extension, version 10.0
[     9.495] (==) Matched intel as autoconfigured driver 0
[     9.495] (==) Matched nouveau as autoconfigured driver 1
[     9.495] (==) Matched nv as autoconfigured driver 2
[     9.495] (==) Matched modesetting as autoconfigured driver 3
[     9.495] (==) Matched fbdev as autoconfigured driver 4
[     9.495] (==) Matched vesa as autoconfigured driver 5
[     9.495] (==) Assigned the driver to the xf86ConfigLayout
[     9.495] (II) LoadModule: "intel"
[     9.496] (WW) Warning, couldn't open module intel
[     9.496] (EE) Failed to load module "intel" (module does not exist, 0)
[     9.496] (II) LoadModule: "nouveau"
[     9.496] (WW) Warning, couldn't open module nouveau
[     9.496] (EE) Failed to load module "nouveau" (module does not exist, 0)
[     9.496] (II) LoadModule: "nv"
[     9.496] (WW) Warning, couldn't open module nv
[     9.496] (EE) Failed to load module "nv" (module does not exist, 0)
[     9.496] (II) LoadModule: "modesetting"
[     9.496] (II) Loading /usr/lib/xorg/modules/drivers/modesetting_drv.so
[     9.501] (II) Module modesetting: vendor="X.Org Foundation"
[     9.501] 	compiled for 1.20.1, module version = 1.20.1
[     9.501] 	Module class: X.Org Video Driver
[     9.501] 	ABI class: X.Org Video Driver, version 24.0
[     9.501] (II) LoadModule: "fbdev"
[     9.501] (WW) Warning, couldn't open module fbdev
[     9.501] (EE) Failed to load module "fbdev" (module does not exist, 0)
[     9.501] (II) LoadModule: "vesa"
[     9.501] (WW) Warning, couldn't open module vesa
[     9.501] (EE) Failed to load module "vesa" (module does not exist, 0)
[     9.501] (II) modesetting: Driver for Modesetting Kernel Drivers: kms
[     9.501] (II) modeset(0): using drv /dev/dri/card0
[     9.501] (II) modeset(G0): using drv /dev/dri/card1
[     9.501] (WW) VGA arbiter: cannot open kernel arbiter, no multi-card support
[     9.501] (II) modeset(0): Creating default Display subsection in Screen section
	"Default Screen Section" for depth/fbbpp 24/32
[     9.501] (==) modeset(0): Depth 24, (==) framebuffer bpp 32
[     9.501] (==) modeset(0): RGB weight 888
[     9.501] (==) modeset(0): Default visual is TrueColor
[     9.501] (II) Loading sub module "glamoregl"
[     9.501] (II) LoadModule: "glamoregl"
[     9.501] (II) Loading /usr/lib/xorg/modules/libglamoregl.so
[     9.510] (II) Module glamoregl: vendor="X.Org Foundation"
[     9.510] 	compiled for 1.20.1, module version = 1.0.1
[     9.510] 	ABI class: X.Org ANSI C Emulation, version 0.4
[     9.583] (II) modeset(0): glamor X acceleration enabled on Mesa DRI Intel(R) Haswell Mobile 
[     9.583] (II) modeset(0): glamor initialized
[     9.586] (II) modeset(0): Output eDP-1 has no monitor section
[     9.587] (II) modeset(0): Output HDMI-1 has no monitor section
[     9.590] (II) modeset(0): EDID for output eDP-1
[     9.590] (II) modeset(0): Manufacturer: AUO  Model: 219d  Serial#: 0
[     9.590] (II) modeset(0): Year: 2011  Week: 0
[     9.590] (II) modeset(0): EDID Version: 1.4
[     9.590] (II) modeset(0): Digital Display Input
[     9.590] (II) modeset(0): 6 bits per channel
[     9.590] (II) modeset(0): Digital interface is undefined
[     9.590] (II) modeset(0): Max Image Size [cm]: horiz.: 38  vert.: 21
[     9.590] (II) modeset(0): Gamma: 2.20
[     9.590] (II) modeset(0): No DPMS capabilities specified
[     9.590] (II) modeset(0): Supported color encodings: RGB 4:4:4 
[     9.590] (II) modeset(0): First detailed timing is preferred mode
[     9.590] (II) modeset(0): Preferred mode is native pixel format and refresh rate
[     9.590] (II) modeset(0): redX: 0.620 redY: 0.340   greenX: 0.330 greenY: 0.570
[     9.590] (II) modeset(0): blueX: 0.150 blueY: 0.060   whiteX: 0.313 whiteY: 0.329
[     9.590] (II) modeset(0): Manufacturer's mask: 0
[     9.590] (II) modeset(0): Supported detailed timing:
[     9.590] (II) modeset(0): clock: 140.5 MHz   Image Size:  381 x 214 mm
[     9.590] (II) modeset(0): h_active: 1920  h_sync: 1968  h_sync_end 2068 h_blank_end 2104 h_border: 0
[     9.590] (II) modeset(0): v_active: 1080  v_sync: 1083  v_sync_end 1089 v_blanking: 1112 v_border: 0
[     9.590] (II) modeset(0): Supported detailed timing:
[     9.590] (II) modeset(0): clock: 93.7 MHz   Image Size:  381 x 214 mm
[     9.590] (II) modeset(0): h_active: 1920  h_sync: 1968  h_sync_end 2068 h_blank_end 2104 h_border: 0
[     9.590] (II) modeset(0): v_active: 1080  v_sync: 1083  v_sync_end 1089 v_blanking: 1112 v_border: 0
[     9.590] (II) modeset(0): Unknown vendor-specific block 2
[     9.590] (II) modeset(0): EDID (in hex):
[     9.590] (II) modeset(0): 	00ffffffffffff0006af9d2100000000
[     9.590] (II) modeset(0): 	001501049026157802c8959e57549226
[     9.590] (II) modeset(0): 	0f505400000001010101010101010101
[     9.590] (II) modeset(0): 	010101010101e23680b8703820403064
[     9.590] (II) modeset(0): 	36007dd610000018972480b870382040
[     9.590] (II) modeset(0): 	306436007dd610000018000000000000
[     9.590] (II) modeset(0): 	00000000000000000000000000000002
[     9.590] (II) modeset(0): 	000c33f90a3c641f14226e202020002f
[     9.590] (II) modeset(0): Printing probed modes for output eDP-1
[     9.590] (II) modeset(0): Modeline "1920x1080"x60.1  140.50  1920 1968 2068 2104  1080 1083 1089 1112 -hsync -vsync (66.8 kHz eP)
[     9.590] (II) modeset(0): Modeline "1920x1080"x120.0  356.38  1920 2080 2288 2656  1080 1081 1084 1118 doublescan -hsync +vsync (134.2 kHz d)
[     9.590] (II) modeset(0): Modeline "1920x1080"x119.9  266.50  1920 1944 1960 2000  1080 1081 1084 1111 doublescan +hsync -vsync (133.2 kHz d)
[     9.590] (II) modeset(0): Modeline "1920x1080"x60.0  173.00  1920 2048 2248 2576  1080 1083 1088 1120 -hsync +vsync (67.2 kHz d)
[     9.590] (II) modeset(0): Modeline "1920x1080"x59.9  138.50  1920 1968 2000 2080  1080 1083 1088 1111 +hsync -vsync (66.6 kHz d)
[     9.590] (II) modeset(0): Modeline "1920x1080"x40.0   93.67  1920 1968 2068 2104  1080 1083 1089 1112 -hsync -vsync (44.5 kHz e)
[     9.590] (II) modeset(0): Modeline "1680x1050"x60.0  146.25  1680 1784 1960 2240  1050 1053 1059 1089 -hsync +vsync (65.3 kHz d)
[     9.590] (II) modeset(0): Modeline "1680x1050"x59.9  119.00  1680 1728 1760 1840  1050 1053 1059 1080 +hsync -vsync (64.7 kHz d)
[     9.590] (II) modeset(0): Modeline "1400x1050"x60.0  122.00  1400 1488 1640 1880  1050 1052 1064 1082 +hsync +vsync (64.9 kHz d)
[     9.590] (II) modeset(0): Modeline "1600x900"x120.0  246.00  1600 1728 1900 2200  900 901 904 932 doublescan -hsync +vsync (111.8 kHz d)
[     9.590] (II) modeset(0): Modeline "1600x900"x119.9  186.50  1600 1624 1640 1680  900 901 904 926 doublescan +hsync -vsync (111.0 kHz d)
[     9.590] (II) modeset(0): Modeline "1600x900"x59.9  118.25  1600 1696 1856 2112  900 903 908 934 -hsync +vsync (56.0 kHz d)
[     9.590] (II) modeset(0): Modeline "1600x900"x59.8   97.50  1600 1648 1680 1760  900 903 908 926 +hsync -vsync (55.4 kHz d)
[     9.590] (II) modeset(0): Modeline "1280x1024"x60.0  108.00  1280 1328 1440 1688  1024 1025 1028 1066 +hsync +vsync (64.0 kHz d)
[     9.590] (II) modeset(0): Modeline "1400x900"x60.0  103.50  1400 1480 1624 1848  900 903 913 934 -hsync +vsync (56.0 kHz d)
[     9.590] (II) modeset(0): Modeline "1400x900"x59.9   86.50  1400 1448 1480 1560  900 903 913 926 +hsync -vsync (55.4 kHz d)
[     9.590] (II) modeset(0): Modeline "1280x960"x60.0  108.00  1280 1376 1488 1800  960 961 964 1000 +hsync +vsync (60.0 kHz d)
[     9.590] (II) modeset(0): Modeline "1440x810"x120.0  198.12  1440 1548 1704 1968  810 811 814 839 doublescan -hsync +vsync (100.7 kHz d)
[     9.591] (II) modeset(0): Modeline "1440x810"x119.9  151.88  1440 1464 1480 1520  810 811 814 833 doublescan +hsync -vsync (99.9 kHz d)
[     9.591] (II) modeset(0): Modeline "1368x768"x59.9   85.25  1368 1440 1576 1784  768 771 781 798 -hsync +vsync (47.8 kHz d)
[     9.591] (II) modeset(0): Modeline "1368x768"x59.9   72.25  1368 1416 1448 1528  768 771 781 790 +hsync -vsync (47.3 kHz d)
[     9.591] (II) modeset(0): Modeline "1280x800"x120.0  174.25  1280 1380 1516 1752  800 801 804 829 doublescan -hsync +vsync (99.5 kHz d)
[     9.591] (II) modeset(0): Modeline "1280x800"x119.9  134.25  1280 1304 1320 1360  800 801 804 823 doublescan +hsync -vsync (98.7 kHz d)
[     9.591] (II) modeset(0): Modeline "1280x800"x59.8   83.50  1280 1352 1480 1680  800 803 809 831 -hsync +vsync (49.7 kHz d)
[     9.591] (II) modeset(0): Modeline "1280x800"x59.9   71.00  1280 1328 1360 1440  800 803 809 823 +hsync -vsync (49.3 kHz d)
[     9.591] (II) modeset(0): Modeline "1280x720"x120.0  156.12  1280 1376 1512 1744  720 721 724 746 doublescan -hsync +vsync (89.5 kHz d)
[     9.591] (II) modeset(0): Modeline "1280x720"x120.0  120.75  1280 1304 1320 1360  720 721 724 740 doublescan +hsync -vsync (88.8 kHz d)
[     9.591] (II) modeset(0): Modeline "1280x720"x59.9   74.50  1280 1344 1472 1664  720 723 728 748 -hsync +vsync (44.8 kHz d)
[     9.591] (II) modeset(0): Modeline "1280x720"x59.7   63.75  1280 1328 1360 1440  720 723 728 741 +hsync -vsync (44.3 kHz d)
[     9.591] (II) modeset(0): Modeline "1024x768"x120.1  133.47  1024 1100 1212 1400  768 768 770 794 doublescan -hsync +vsync (95.3 kHz d)
[     9.591] (II) modeset(0): Modeline "1024x768"x60.0   65.00  1024 1048 1184 1344  768 771 777 806 -hsync -vsync (48.4 kHz d)
[     9.591] (II) modeset(0): Modeline "960x720"x120.0  117.00  960 1024 1128 1300  720 720 722 750 doublescan -hsync +vsync (90.0 kHz d)
[     9.591] (II) modeset(0): Modeline "928x696"x120.1  109.15  928 976 1088 1264  696 696 698 719 doublescan -hsync +vsync (86.4 kHz d)
[     9.591] (II) modeset(0): Modeline "896x672"x120.0  102.40  896 960 1060 1224  672 672 674 697 doublescan -hsync +vsync (83.7 kHz d)
[     9.591] (II) modeset(0): Modeline "1024x576"x119.9   98.50  1024 1092 1200 1376  576 577 580 597 doublescan -hsync +vsync (71.6 kHz d)
[     9.591] (II) modeset(0): Modeline "1024x576"x119.9   78.38  1024 1048 1064 1104  576 577 580 592 doublescan +hsync -vsync (71.0 kHz d)
[     9.591] (II) modeset(0): Modeline "1024x576"x59.9   46.50  1024 1064 1160 1296  576 579 584 599 -hsync +vsync (35.9 kHz d)
[     9.591] (II) modeset(0): Modeline "1024x576"x59.8   42.00  1024 1072 1104 1184  576 579 584 593 +hsync -vsync (35.5 kHz d)
[     9.591] (II) modeset(0): Modeline "960x600"x119.9   96.62  960 1028 1128 1296  600 601 604 622 doublescan -hsync +vsync (74.6 kHz d)
[     9.591] (II) modeset(0): Modeline "960x600"x120.0   77.00  960 984 1000 1040  600 601 604 617 doublescan +hsync -vsync (74.0 kHz d)
[     9.591] (II) modeset(0): Modeline "960x540"x119.9   86.50  960 1024 1124 1288  540 541 544 560 doublescan -hsync +vsync (67.2 kHz d)
[     9.591] (II) modeset(0): Modeline "960x540"x120.0   69.25  960 984 1000 1040  540 541 544 555 doublescan +hsync -vsync (66.6 kHz d)
[     9.591] (II) modeset(0): Modeline "960x540"x59.6   40.75  960 992 1088 1216  540 543 548 562 -hsync +vsync (33.5 kHz d)
[     9.591] (II) modeset(0): Modeline "960x540"x59.8   37.25  960 1008 1040 1120  540 543 548 556 +hsync -vsync (33.3 kHz d)
[     9.591] (II) modeset(0): Modeline "800x600"x120.0   81.00  800 832 928 1080  600 600 602 625 doublescan +hsync +vsync (75.0 kHz d)
[     9.591] (II) modeset(0): Modeline "800x600"x60.3   40.00  800 840 968 1056  600 601 605 628 +hsync +vsync (37.9 kHz d)
[     9.591] (II) modeset(0): Modeline "800x600"x56.2   36.00  800 824 896 1024  600 601 603 625 +hsync +vsync (35.2 kHz d)
[     9.591] (II) modeset(0): Modeline "840x525"x120.0   73.12  840 892 980 1120  525 526 529 544 doublescan -hsync +vsync (65.3 kHz d)
[     9.591] (II) modeset(0): Modeline "840x525"x119.8   59.50  840 864 880 920  525 526 529 540 doublescan +hsync -vsync (64.7 kHz d)
[     9.591] (II) modeset(0): Modeline "864x486"x59.9   32.50  864 888 968 1072  486 489 494 506 -hsync +vsync (30.3 kHz d)
[     9.591] (II) modeset(0): Modeline "864x486"x59.6   30.50  864 912 944 1024  486 489 494 500 +hsync -vsync (29.8 kHz d)
[     9.591] (II) modeset(0): Modeline "700x525"x120.0   61.00  700 744 820 940  525 526 532 541 doublescan +hsync +vsync (64.9 kHz d)
[     9.591] (II) modeset(0): Modeline "800x450"x119.9   59.12  800 848 928 1056  450 451 454 467 doublescan -hsync +vsync (56.0 kHz d)
[     9.591] (II) modeset(0): Modeline "800x450"x119.6   48.75  800 824 840 880  450 451 454 463 doublescan +hsync -vsync (55.4 kHz d)
[     9.591] (II) modeset(0): Modeline "640x512"x120.0   54.00  640 664 720 844  512 512 514 533 doublescan +hsync +vsync (64.0 kHz d)
[     9.591] (II) modeset(0): Modeline "700x450"x119.9   51.75  700 740 812 924  450 451 456 467 doublescan -hsync +vsync (56.0 kHz d)
[     9.591] (II) modeset(0): Modeline "700x450"x119.8   43.25  700 724 740 780  450 451 456 463 doublescan +hsync -vsync (55.4 kHz d)
[     9.591] (II) modeset(0): Modeline "640x480"x120.0   54.00  640 688 744 900  480 480 482 500 doublescan +hsync +vsync (60.0 kHz d)
[     9.591] (II) modeset(0): Modeline "640x480"x59.9   25.18  640 656 752 800  480 490 492 525 -hsync -vsync (31.5 kHz d)
[     9.591] (II) modeset(0): Modeline "720x405"x59.5   22.50  720 744 808 896  405 408 413 422 -hsync +vsync (25.1 kHz d)
[     9.591] (II) modeset(0): Modeline "720x405"x59.0   21.75  720 768 800 880  405 408 413 419 +hsync -vsync (24.7 kHz d)
[     9.591] (II) modeset(0): Modeline "684x384"x119.8   42.62  684 720 788 892  384 385 390 399 doublescan -hsync +vsync (47.8 kHz d)
[     9.591] (II) modeset(0): Modeline "684x384"x119.7   36.12  684 708 724 764  384 385 390 395 doublescan +hsync -vsync (47.3 kHz d)
[     9.591] (II) modeset(0): Modeline "640x400"x119.8   41.75  640 676 740 840  400 401 404 415 doublescan -hsync +vsync (49.7 kHz d)
[     9.591] (II) modeset(0): Modeline "640x400"x120.0   35.50  640 664 680 720  400 401 404 411 doublescan +hsync -vsync (49.3 kHz d)
[     9.591] (II) modeset(0): Modeline "640x360"x119.7   37.25  640 672 736 832  360 361 364 374 doublescan -hsync +vsync (44.8 kHz d)
[     9.591] (II) modeset(0): Modeline "640x360"x119.7   31.88  640 664 680 720  360 361 364 370 doublescan +hsync -vsync (44.3 kHz d)
[     9.591] (II) modeset(0): Modeline "640x360"x59.8   18.00  640 664 720 800  360 363 368 376 -hsync +vsync (22.5 kHz d)
[     9.591] (II) modeset(0): Modeline "640x360"x59.3   17.75  640 688 720 800  360 363 368 374 +hsync -vsync (22.2 kHz d)
[     9.591] (II) modeset(0): Modeline "512x384"x120.0   32.50  512 524 592 672  384 385 388 403 doublescan -hsync -vsync (48.4 kHz d)
[     9.591] (II) modeset(0): Modeline "512x288"x120.0   23.25  512 532 580 648  288 289 292 299 doublescan -hsync +vsync (35.9 kHz d)
[     9.591] (II) modeset(0): Modeline "512x288"x119.8   21.00  512 536 552 592  288 289 292 296 doublescan +hsync -vsync (35.5 kHz d)
[     9.591] (II) modeset(0): Modeline "480x270"x119.3   20.38  480 496 544 608  270 271 274 281 doublescan -hsync +vsync (33.5 kHz d)
[     9.591] (II) modeset(0): Modeline "480x270"x119.6   18.62  480 504 520 560  270 271 274 278 doublescan +hsync -vsync (33.3 kHz d)
[     9.591] (II) modeset(0): Modeline "400x300"x120.6   20.00  400 420 484 528  300 300 302 314 doublescan +hsync +vsync (37.9 kHz d)
[     9.591] (II) modeset(0): Modeline "400x300"x112.7   18.00  400 412 448 512  300 300 301 312 doublescan +hsync +vsync (35.2 kHz d)
[     9.591] (II) modeset(0): Modeline "432x243"x119.8   16.25  432 444 484 536  243 244 247 253 doublescan -hsync +vsync (30.3 kHz d)
[     9.591] (II) modeset(0): Modeline "432x243"x119.1   15.25  432 456 472 512  243 244 247 250 doublescan +hsync -vsync (29.8 kHz d)
[     9.591] (II) modeset(0): Modeline "320x240"x120.1   12.59  320 328 376 400  240 245 246 262 doublescan -hsync -vsync (31.5 kHz d)
[     9.591] (II) modeset(0): Modeline "360x202"x119.0   11.25  360 372 404 448  202 204 206 211 doublescan -hsync +vsync (25.1 kHz d)
[     9.591] (II) modeset(0): Modeline "360x202"x118.3   10.88  360 384 400 440  202 204 206 209 doublescan +hsync -vsync (24.7 kHz d)
[     9.591] (II) modeset(0): Modeline "320x180"x119.7    9.00  320 332 360 400  180 181 184 188 doublescan -hsync +vsync (22.5 kHz d)
[     9.591] (II) modeset(0): Modeline "320x180"x118.6    8.88  320 344 360 400  180 181 184 187 doublescan +hsync -vsync (22.2 kHz d)
[     9.592] (II) modeset(0): EDID for output HDMI-1
[     9.592] (II) modeset(0): Output eDP-1 connected
[     9.592] (II) modeset(0): Output HDMI-1 disconnected
[     9.592] (II) modeset(0): Using exact sizes for initial modes
[     9.592] (II) modeset(0): Output eDP-1 using initial mode 1920x1080 +0+0
[     9.592] (==) modeset(0): Using gamma correction (1.0, 1.0, 1.0)
[     9.592] (==) modeset(0): DPI set to (96, 96)
[     9.592] (II) Loading sub module "fb"
[     9.592] (II) LoadModule: "fb"
[     9.592] (II) Loading /usr/lib/xorg/modules/libfb.so
[     9.594] (II) Module fb: vendor="X.Org Foundation"
[     9.594] 	compiled for 1.20.1, module version = 1.0.0
[     9.594] 	ABI class: X.Org ANSI C Emulation, version 0.4
[     9.594] (==) modeset(G0): Depth 24, (==) framebuffer bpp 32
[     9.594] (==) modeset(G0): RGB weight 888
[     9.594] (==) modeset(G0): Default visual is TrueColor
[     9.594] (II) Loading sub module "glamoregl"
[     9.594] (II) LoadModule: "glamoregl"
[     9.595] (II) Loading /usr/lib/xorg/modules/libglamoregl.so
[     9.595] (II) Module glamoregl: vendor="X.Org Foundation"
[     9.595] 	compiled for 1.20.1, module version = 1.0.1
[     9.595] 	ABI class: X.Org ANSI C Emulation, version 0.4
[     9.874] (II) modeset(G0): glamor X acceleration enabled on NV118
[     9.874] (II) modeset(G0): glamor initialized
[     9.874] (==) modeset(G0): Using gamma correction (1.0, 1.0, 1.0)
[     9.874] (==) modeset(G0): DPI set to (96, 96)
[     9.874] (II) Loading sub module "fb"
[     9.874] (II) LoadModule: "fb"
[     9.874] (II) Loading /usr/lib/xorg/modules/libfb.so
[     9.874] (II) Module fb: vendor="X.Org Foundation"
[     9.874] 	compiled for 1.20.1, module version = 1.0.0
[     9.874] 	ABI class: X.Org ANSI C Emulation, version 0.4
[     9.906] (==) modeset(G0): Backing store enabled
[     9.906] (==) modeset(G0): Silken mouse disabled
[     9.907] (II) modeset(G0): Initializing kms color map for depth 24, 8 bpc.
[     9.907] (==) modeset(G0): DPMS enabled
[     9.907] (II) modeset(G0): [DRI2] Setup complete
[     9.907] (II) modeset(G0): [DRI2]   DRI driver: nouveau
[     9.907] (II) modeset(G0): [DRI2]   VDPAU driver: nouveau
[     9.915] (==) modeset(0): Backing store enabled
[     9.915] (==) modeset(0): Silken mouse disabled
[     9.966] (II) modeset(0): Initializing kms color map for depth 24, 8 bpc.
[     9.966] (==) modeset(0): DPMS enabled
[     9.966] (II) modeset(0): [DRI2] Setup complete
[     9.967] (II) modeset(0): [DRI2]   DRI driver: i965
[     9.967] (II) modeset(0): [DRI2]   VDPAU driver: i965
[     9.967] (II) Initializing extension Generic Event Extension
[     9.967] (II) Initializing extension SHAPE
[     9.967] (II) Initializing extension MIT-SHM
[     9.967] (II) Initializing extension XInputExtension
[     9.967] (II) Initializing extension XTEST
[     9.967] (II) Initializing extension BIG-REQUESTS
[     9.967] (II) Initializing extension SYNC
[     9.967] (II) Initializing extension XKEYBOARD
[     9.967] (II) Initializing extension XC-MISC
[     9.967] (II) Initializing extension SECURITY
[     9.967] (II) Initializing extension XFIXES
[     9.967] (II) Initializing extension RENDER
[     9.967] (II) Initializing extension RANDR
[     9.967] (II) Initializing extension COMPOSITE
[     9.967] (II) Initializing extension DAMAGE
[     9.967] (II) Initializing extension MIT-SCREEN-SAVER
[     9.967] (II) Initializing extension DOUBLE-BUFFER
[     9.967] (II) Initializing extension RECORD
[     9.967] (II) Initializing extension DPMS
[     9.967] (II) Initializing extension Present
[     9.967] (II) Initializing extension DRI3
[     9.967] (II) Initializing extension X-Resource
[     9.967] (II) Initializing extension XVideo
[     9.967] (II) Initializing extension XVideo-MotionCompensation
[     9.967] (II) Initializing extension GLX
[     9.973] (II) AIGLX: Loaded and initialized i965
[     9.973] (II) GLX: Initialized DRI2 GL provider for screen 0
[     9.973] (II) Initializing extension XFree86-VidModeExtension
[     9.973] (II) Initializing extension XFree86-DGA
[     9.973] (II) Initializing extension XFree86-DRI
[     9.973] (II) Initializing extension DRI2
[     9.977] (II) modeset(G0): Damage tracking initialized
[     9.988] (II) modeset(0): Damage tracking initialized
[     9.988] (II) modeset(0): Setting screen physical size to 508 x 285
[    10.052] (II) config/udev: Adding input device Power Button (/dev/input/event2)
[    10.052] (**) Power Button: Applying InputClass "libinput keyboard catchall"
[    10.052] (II) LoadModule: "libinput"
[    10.053] (II) Loading /usr/lib/xorg/modules/input/libinput_drv.so
[    10.058] (II) Module libinput: vendor="X.Org Foundation"
[    10.058] 	compiled for 1.20.0, module version = 0.28.0
[    10.058] 	Module class: X.Org XInput Driver
[    10.058] 	ABI class: X.Org XInput driver, version 24.1
[    10.058] (II) Using input driver 'libinput' for 'Power Button'
[    10.059] (II) systemd-logind: got fd for /dev/input/event2 13:66 fd 19 paused 0
[    10.059] (**) Power Button: always reports core events
[    10.059] (**) Option "Device" "/dev/input/event2"
[    10.059] (**) Option "_source" "server/udev"
[    10.067] (II) event2  - Power Button: is tagged by udev as: Keyboard
[    10.067] (II) event2  - Power Button: device is a keyboard
[    10.067] (II) event2  - Power Button: device removed
[    10.067] (**) Option "config_info" "udev:/sys/devices/LNXSYSTM:00/LNXPWRBN:00/input/input2/event2"
[    10.067] (II) XINPUT: Adding extended input device "Power Button" (type: KEYBOARD, id 6)
[    10.068] (II) event2  - Power Button: is tagged by udev as: Keyboard
[    10.068] (II) event2  - Power Button: device is a keyboard
[    10.068] (II) config/udev: Adding input device Video Bus (/dev/input/event12)
[    10.068] (**) Video Bus: Applying InputClass "libinput keyboard catchall"
[    10.068] (II) Using input driver 'libinput' for 'Video Bus'
[    10.069] (II) systemd-logind: got fd for /dev/input/event12 13:76 fd 22 paused 0
[    10.069] (**) Video Bus: always reports core events
[    10.069] (**) Option "Device" "/dev/input/event12"
[    10.069] (**) Option "_source" "server/udev"
[    10.069] (II) event12 - Video Bus: is tagged by udev as: Keyboard
[    10.069] (II) event12 - Video Bus: device is a keyboard
[    10.069] (II) event12 - Video Bus: device removed
[    10.069] (**) Option "config_info" "udev:/sys/devices/LNXSYSTM:00/LNXSYBUS:00/PNP0A08:00/LNXVIDEO:01/input/input18/event12"
[    10.069] (II) XINPUT: Adding extended input device "Video Bus" (type: KEYBOARD, id 7)
[    10.070] (II) event12 - Video Bus: is tagged by udev as: Keyboard
[    10.070] (II) event12 - Video Bus: device is a keyboard
[    10.070] (II) config/udev: Adding input device Video Bus (/dev/input/event9)
[    10.070] (**) Video Bus: Applying InputClass "libinput keyboard catchall"
[    10.070] (II) Using input driver 'libinput' for 'Video Bus'
[    10.071] (II) systemd-logind: got fd for /dev/input/event9 13:73 fd 23 paused 0
[    10.071] (**) Video Bus: always reports core events
[    10.071] (**) Option "Device" "/dev/input/event9"
[    10.071] (**) Option "_source" "server/udev"
[    10.071] (II) event9  - Video Bus: is tagged by udev as: Keyboard
[    10.071] (II) event9  - Video Bus: device is a keyboard
[    10.071] (II) event9  - Video Bus: device removed
[    10.071] (**) Option "config_info" "udev:/sys/devices/LNXSYSTM:00/LNXSYBUS:00/PNP0A08:00/device:4b/LNXVIDEO:00/input/input14/event9"
[    10.072] (II) XINPUT: Adding extended input device "Video Bus" (type: KEYBOARD, id 8)
[    10.072] (II) event9  - Video Bus: is tagged by udev as: Keyboard
[    10.072] (II) event9  - Video Bus: device is a keyboard
[    10.073] (II) config/udev: Adding input device Power Button (/dev/input/event1)
[    10.073] (**) Power Button: Applying InputClass "libinput keyboard catchall"
[    10.073] (II) Using input driver 'libinput' for 'Power Button'
[    10.073] (II) systemd-logind: got fd for /dev/input/event1 13:65 fd 24 paused 0
[    10.073] (**) Power Button: always reports core events
[    10.073] (**) Option "Device" "/dev/input/event1"
[    10.073] (**) Option "_source" "server/udev"
[    10.074] (II) event1  - Power Button: is tagged by udev as: Keyboard
[    10.074] (II) event1  - Power Button: device is a keyboard
[    10.074] (II) event1  - Power Button: device removed
[    10.074] (**) Option "config_info" "udev:/sys/devices/LNXSYSTM:00/LNXSYBUS:00/PNP0C0C:00/input/input1/event1"
[    10.074] (II) XINPUT: Adding extended input device "Power Button" (type: KEYBOARD, id 9)
[    10.075] (II) event1  - Power Button: is tagged by udev as: Keyboard
[    10.075] (II) event1  - Power Button: device is a keyboard
[    10.076] (II) config/udev: Adding input device Lid Switch (/dev/input/event0)
[    10.076] (II) No input driver specified, ignoring this device.
[    10.076] (II) This device may have been added with another device file.
[    10.076] (II) config/udev: Adding input device HDA Intel HDMI HDMI/DP,pcm=3 (/dev/input/event13)
[    10.076] (II) No input driver specified, ignoring this device.
[    10.076] (II) This device may have been added with another device file.
[    10.077] (II) config/udev: Adding input device HDA Intel HDMI HDMI/DP,pcm=7 (/dev/input/event14)
[    10.077] (II) No input driver specified, ignoring this device.
[    10.077] (II) This device may have been added with another device file.
[    10.077] (II) config/udev: Adding input device HDA Intel HDMI HDMI/DP,pcm=8 (/dev/input/event15)
[    10.077] (II) No input driver specified, ignoring this device.
[    10.077] (II) This device may have been added with another device file.
[    10.078] (II) config/udev: Adding input device eGalax Inc. eGalaxTouch EXC7920-2003-11.03.02 (/dev/input/event10)
[    10.078] (**) eGalax Inc. eGalaxTouch EXC7920-2003-11.03.02: Applying InputClass "libinput touchscreen catchall"
[    10.078] (II) Using input driver 'libinput' for 'eGalax Inc. eGalaxTouch EXC7920-2003-11.03.02'
[    10.133] (II) systemd-logind: got fd for /dev/input/event10 13:74 fd 25 paused 0
[    10.133] (**) eGalax Inc. eGalaxTouch EXC7920-2003-11.03.02: always reports core events
[    10.133] (**) Option "Device" "/dev/input/event10"
[    10.133] (**) Option "_source" "server/udev"
[    10.135] (II) event10 - eGalax Inc. eGalaxTouch EXC7920-2003-11.03.02: is tagged by udev as: Touchscreen
[    10.135] (II) event10 - eGalax Inc. eGalaxTouch EXC7920-2003-11.03.02: device is a touch device
[    10.135] (II) event10 - eGalax Inc. eGalaxTouch EXC7920-2003-11.03.02: device removed
[    10.135] (**) Option "config_info" "udev:/sys/devices/pci0000:00/0000:00:14.0/usb2/2-13/2-13:1.0/0003:0EEF:A802.0001/input/input15/event10"
[    10.135] (II) XINPUT: Adding extended input device "eGalax Inc. eGalaxTouch EXC7920-2003-11.03.02" (type: TOUCHSCREEN, id 10)
[    10.135] (**) Option "AccelerationScheme" "none"
[    10.135] (**) eGalax Inc. eGalaxTouch EXC7920-2003-11.03.02: (accel) selected scheme none/0
[    10.135] (**) eGalax Inc. eGalaxTouch EXC7920-2003-11.03.02: (accel) acceleration factor: 2.000
[    10.135] (**) eGalax Inc. eGalaxTouch EXC7920-2003-11.03.02: (accel) acceleration threshold: 4
[    10.136] (II) event10 - eGalax Inc. eGalaxTouch EXC7920-2003-11.03.02: is tagged by udev as: Touchscreen
[    10.136] (II) event10 - eGalax Inc. eGalaxTouch EXC7920-2003-11.03.02: device is a touch device
[    10.137] (II) config/udev: Adding input device eGalax Inc. eGalaxTouch EXC7920-2003-11.03.02 (/dev/input/mouse0)
[    10.137] (II) No input driver specified, ignoring this device.
[    10.137] (II) This device may have been added with another device file.
[    10.138] (II) config/udev: Adding input device HP Truevision HD: HP Truevision (/dev/input/event5)
[    10.138] (**) HP Truevision HD: HP Truevision: Applying InputClass "libinput keyboard catchall"
[    10.138] (II) Using input driver 'libinput' for 'HP Truevision HD: HP Truevision'
[    10.138] (II) systemd-logind: got fd for /dev/input/event5 13:69 fd 26 paused 0
[    10.138] (**) HP Truevision HD: HP Truevision: always reports core events
[    10.138] (**) Option "Device" "/dev/input/event5"
[    10.139] (**) Option "_source" "server/udev"
[    10.140] (II) event5  - HP Truevision HD: HP Truevision: is tagged by udev as: Keyboard
[    10.140] (II) event5  - HP Truevision HD: HP Truevision: device is a keyboard
[    10.140] (II) event5  - HP Truevision HD: HP Truevision: device removed
[    10.140] (**) Option "config_info" "udev:/sys/devices/pci0000:00/0000:00:14.0/usb2/2-7/2-7:1.0/input/input7/event5"
[    10.140] (II) XINPUT: Adding extended input device "HP Truevision HD: HP Truevision" (type: KEYBOARD, id 11)
[    10.141] (II) event5  - HP Truevision HD: HP Truevision: is tagged by udev as: Keyboard
[    10.141] (II) event5  - HP Truevision HD: HP Truevision: device is a keyboard
[    10.141] (II) config/udev: Adding input device HDA Intel PCH Mic (/dev/input/event7)
[    10.141] (II) No input driver specified, ignoring this device.
[    10.141] (II) This device may have been added with another device file.
[    10.142] (II) config/udev: Adding input device HDA Intel PCH Headphone (/dev/input/event8)
[    10.142] (II) No input driver specified, ignoring this device.
[    10.142] (II) This device may have been added with another device file.
[    10.142] (II) config/udev: Adding input device HDA Digital PCBeep (/dev/input/event6)
[    10.142] (II) No input driver specified, ignoring this device.
[    10.142] (II) This device may have been added with another device file.
[    10.143] (II) config/udev: Adding input device AT Translated Set 2 keyboard (/dev/input/event3)
[    10.143] (**) AT Translated Set 2 keyboard: Applying InputClass "libinput keyboard catchall"
[    10.143] (II) Using input driver 'libinput' for 'AT Translated Set 2 keyboard'
[    10.144] (II) systemd-logind: got fd for /dev/input/event3 13:67 fd 27 paused 0
[    10.144] (**) AT Translated Set 2 keyboard: always reports core events
[    10.144] (**) Option "Device" "/dev/input/event3"
[    10.144] (**) Option "_source" "server/udev"
[    10.145] (II) event3  - AT Translated Set 2 keyboard: is tagged by udev as: Keyboard
[    10.145] (II) event3  - AT Translated Set 2 keyboard: device is a keyboard
[    10.145] (II) event3  - AT Translated Set 2 keyboard: device removed
[    10.145] (**) Option "config_info" "udev:/sys/devices/platform/i8042/serio0/input/input3/event3"
[    10.145] (II) XINPUT: Adding extended input device "AT Translated Set 2 keyboard" (type: KEYBOARD, id 12)
[    10.146] (II) event3  - AT Translated Set 2 keyboard: is tagged by udev as: Keyboard
[    10.146] (II) event3  - AT Translated Set 2 keyboard: device is a keyboard
[    10.146] (II) config/udev: Adding input device SynPS/2 Synaptics TouchPad (/dev/input/event16)
[    10.146] (**) SynPS/2 Synaptics TouchPad: Applying InputClass "libinput touchpad catchall"
[    10.146] (II) Using input driver 'libinput' for 'SynPS/2 Synaptics TouchPad'
[    10.147] (II) systemd-logind: got fd for /dev/input/event16 13:80 fd 28 paused 0
[    10.147] (**) SynPS/2 Synaptics TouchPad: always reports core events
[    10.147] (**) Option "Device" "/dev/input/event16"
[    10.147] (**) Option "_source" "server/udev"
[    10.147] (II) event16 - SynPS/2 Synaptics TouchPad: is tagged by udev as: Touchpad
[    10.148] (II) event16 - SynPS/2 Synaptics TouchPad: device is a touchpad
[    10.148] (II) event16 - SynPS/2 Synaptics TouchPad: device removed
[    10.148] (**) Option "config_info" "udev:/sys/devices/platform/i8042/serio1/input/input6/event16"
[    10.148] (II) XINPUT: Adding extended input device "SynPS/2 Synaptics TouchPad" (type: TOUCHPAD, id 13)
[    10.148] (**) Option "AccelerationScheme" "none"
[    10.148] (**) SynPS/2 Synaptics TouchPad: (accel) selected scheme none/0
[    10.148] (**) SynPS/2 Synaptics TouchPad: (accel) acceleration factor: 2.000
[    10.148] (**) SynPS/2 Synaptics TouchPad: (accel) acceleration threshold: 4
[    10.148] (II) event16 - SynPS/2 Synaptics TouchPad: is tagged by udev as: Touchpad
[    10.148] (II) event16 - SynPS/2 Synaptics TouchPad: device is a touchpad
[    10.149] (II) config/udev: Adding input device SynPS/2 Synaptics TouchPad (/dev/input/mouse1)
[    10.149] (II) No input driver specified, ignoring this device.
[    10.149] (II) This device may have been added with another device file.
[    10.149] (II) config/udev: Adding input device ST LIS3LV02DL Accelerometer (/dev/input/event11)
[    10.149] (II) No input driver specified, ignoring this device.
[    10.149] (II) This device may have been added with another device file.
[    10.149] (II) config/udev: Adding input device ST LIS3LV02DL Accelerometer (/dev/input/js0)
[    10.149] (II) No input driver specified, ignoring this device.
[    10.149] (II) This device may have been added with another device file.
[    10.149] (II) config/udev: Adding input device HP Wireless hotkeys (/dev/input/event4)
[    10.149] (**) HP Wireless hotkeys: Applying InputClass "libinput keyboard catchall"
[    10.149] (II) Using input driver 'libinput' for 'HP Wireless hotkeys'
[    10.150] (II) systemd-logind: got fd for /dev/input/event4 13:68 fd 29 paused 0
[    10.150] (**) HP Wireless hotkeys: always reports core events
[    10.150] (**) Option "Device" "/dev/input/event4"
[    10.150] (**) Option "_source" "server/udev"
[    10.150] (II) event4  - HP Wireless hotkeys: is tagged by udev as: Keyboard
[    10.150] (II) event4  - HP Wireless hotkeys: device is a keyboard
[    10.150] (II) event4  - HP Wireless hotkeys: device removed
[    10.150] (**) Option "config_info" "udev:/sys/devices/virtual/input/input5/event4"
[    10.150] (II) XINPUT: Adding extended input device "HP Wireless hotkeys" (type: KEYBOARD, id 14)
[    10.150] (II) event4  - HP Wireless hotkeys: is tagged by udev as: Keyboard
[    10.150] (II) event4  - HP Wireless hotkeys: device is a keyboard
[    10.151] (II) config/udev: Adding input device HP WMI hotkeys (/dev/input/event17)
[    10.151] (**) HP WMI hotkeys: Applying InputClass "libinput keyboard catchall"
[    10.151] (II) Using input driver 'libinput' for 'HP WMI hotkeys'
[    10.151] (II) systemd-logind: got fd for /dev/input/event17 13:81 fd 30 paused 0
[    10.151] (**) HP WMI hotkeys: always reports core events
[    10.151] (**) Option "Device" "/dev/input/event17"
[    10.151] (**) Option "_source" "server/udev"
[    10.151] (II) event17 - HP WMI hotkeys: is tagged by udev as: Keyboard Switch
[    10.151] (II) event17 - HP WMI hotkeys: device is a keyboard
[    10.151] (II) event17 - HP WMI hotkeys: device removed
[    10.151] (**) Option "config_info" "udev:/sys/devices/virtual/input/input8/event17"
[    10.151] (II) XINPUT: Adding extended input device "HP WMI hotkeys" (type: KEYBOARD, id 15)
[    10.152] (II) event17 - HP WMI hotkeys: is tagged by udev as: Keyboard Switch
[    10.152] (II) event17 - HP WMI hotkeys: device is a keyboard
[  5043.267] (II) config/udev: removing device eGalax Inc. eGalaxTouch EXC7920-2003-11.03.02
[  5043.267] (**) Option "fd" "25"
[  5043.267] (II) event10 - eGalax Inc. eGalaxTouch EXC7920-2003-11.03.02: device removed
[  5043.267] (II) UnloadModule: "libinput"
[  5043.267] (II) systemd-logind: releasing fd for 13:74
[  5043.583] (II) config/udev: Adding input device eGalax Inc. eGalaxTouch EXC7920-2003-11.03.02 (/dev/input/mouse0)
[  5043.583] (II) No input driver specified, ignoring this device.
[  5043.583] (II) This device may have been added with another device file.
[  5046.230] (II) config/udev: Adding input device eGalax Inc. eGalaxTouch EXC7920-2003-11.03.02 (/dev/input/event10)
[  5046.230] (**) eGalax Inc. eGalaxTouch EXC7920-2003-11.03.02: Applying InputClass "libinput touchscreen catchall"
[  5046.230] (II) Using input driver 'libinput' for 'eGalax Inc. eGalaxTouch EXC7920-2003-11.03.02'
[  5046.286] (II) systemd-logind: got fd for /dev/input/event10 13:74 fd 58 paused 0
[  5046.286] (**) eGalax Inc. eGalaxTouch EXC7920-2003-11.03.02: always reports core events
[  5046.286] (**) Option "Device" "/dev/input/event10"
[  5046.286] (**) Option "_source" "server/udev"
[  5046.286] (EE) client bug: Invalid path /dev/input/event10
[  5046.286] (EE) libinput: eGalax Inc. eGalaxTouch EXC7920-2003-11.03.02: Failed to create a device for /dev/input/event10
[  5046.286] (EE) PreInit returned 2 for "eGalax Inc. eGalaxTouch EXC7920-2003-11.03.02"
[  5046.286] (II) UnloadModule: "libinput"
[  5046.286] (II) systemd-logind: releasing fd for 13:74
[  5046.602] (II) config/udev: Adding input device eGalax Inc. eGalaxTouch EXC7920-2003-11.03.02 (/dev/input/mouse0)
[  5046.602] (II) No input driver specified, ignoring this device.
[  5046.602] (II) This device may have been added with another device file.
[  5046.855] (II) config/udev: Adding input device eGalax Inc. eGalaxTouch EXC7920-2003-11.03.02 (/dev/input/event10)
[  5046.855] (**) eGalax Inc. eGalaxTouch EXC7920-2003-11.03.02: Applying InputClass "libinput touchscreen catchall"
[  5046.855] (II) Using input driver 'libinput' for 'eGalax Inc. eGalaxTouch EXC7920-2003-11.03.02'
[  5046.913] (II) systemd-logind: got fd for /dev/input/event10 13:74 fd 58 paused 0
[  5046.913] (**) eGalax Inc. eGalaxTouch EXC7920-2003-11.03.02: always reports core events
[  5046.913] (**) Option "Device" "/dev/input/event10"
[  5046.913] (**) Option "_source" "server/udev"
[  5046.916] (II) event10 - eGalax Inc. eGalaxTouch EXC7920-2003-11.03.02: is tagged by udev as: Touchscreen
[  5046.916] (II) event10 - eGalax Inc. eGalaxTouch EXC7920-2003-11.03.02: device is a touch device
[  5046.916] (II) event10 - eGalax Inc. eGalaxTouch EXC7920-2003-11.03.02: device removed
[  5046.916] (**) Option "config_info" "udev:/sys/devices/pci0000:00/0000:00:14.0/usb2/2-13/2-13:1.0/0003:0EEF:A802.0003/input/input24/event10"
[  5046.916] (II) XINPUT: Adding extended input device "eGalax Inc. eGalaxTouch EXC7920-2003-11.03.02" (type: TOUCHSCREEN, id 10)
[  5046.916] (**) Option "AccelerationScheme" "none"
[  5046.917] (**) eGalax Inc. eGalaxTouch EXC7920-2003-11.03.02: (accel) selected scheme none/0
[  5046.917] (**) eGalax Inc. eGalaxTouch EXC7920-2003-11.03.02: (accel) acceleration factor: 2.000
[  5046.917] (**) eGalax Inc. eGalaxTouch EXC7920-2003-11.03.02: (accel) acceleration threshold: 4
[  5046.919] (II) event10 - eGalax Inc. eGalaxTouch EXC7920-2003-11.03.02: is tagged by udev as: Touchscreen
[  5046.919] (II) event10 - eGalax Inc. eGalaxTouch EXC7920-2003-11.03.02: device is a touch device
[  5487.460] (II) config/udev: Adding input device MOSART Semi. 2.4G Wireless Mouse Mouse (/dev/input/mouse2)
[  5487.460] (II) No input driver specified, ignoring this device.
[  5487.460] (II) This device may have been added with another device file.
[  5487.589] (II) config/udev: Adding input device MOSART Semi. 2.4G Wireless Mouse Mouse (/dev/input/event18)
[  5487.589] (**) MOSART Semi. 2.4G Wireless Mouse Mouse: Applying InputClass "libinput pointer catchall"
[  5487.589] (II) Using input driver 'libinput' for 'MOSART Semi. 2.4G Wireless Mouse Mouse'
[  5487.646] (II) systemd-logind: got fd for /dev/input/event18 13:82 fd 60 paused 0
[  5487.646] (**) MOSART Semi. 2.4G Wireless Mouse Mouse: always reports core events
[  5487.646] (**) Option "Device" "/dev/input/event18"
[  5487.646] (**) Option "_source" "server/udev"
[  5487.649] (II) event18 - MOSART Semi. 2.4G Wireless Mouse Mouse: is tagged by udev as: Mouse
[  5487.649] (II) event18 - MOSART Semi. 2.4G Wireless Mouse Mouse: device is a pointer
[  5487.649] (II) event18 - MOSART Semi. 2.4G Wireless Mouse Mouse: device removed
[  5487.649] (**) Option "config_info" "udev:/sys/devices/pci0000:00/0000:00:14.0/usb2/2-4/2-4:1.0/0003:062A:4102.0004/input/input26/event18"
[  5487.649] (II) XINPUT: Adding extended input device "MOSART Semi. 2.4G Wireless Mouse Mouse" (type: MOUSE, id 16)
[  5487.649] (**) Option "AccelerationScheme" "none"
[  5487.650] (**) MOSART Semi. 2.4G Wireless Mouse Mouse: (accel) selected scheme none/0
[  5487.650] (**) MOSART Semi. 2.4G Wireless Mouse Mouse: (accel) acceleration factor: 2.000
[  5487.650] (**) MOSART Semi. 2.4G Wireless Mouse Mouse: (accel) acceleration threshold: 4
[  5487.652] (II) event18 - MOSART Semi. 2.4G Wireless Mouse Mouse: is tagged by udev as: Mouse
[  5487.652] (II) event18 - MOSART Semi. 2.4G Wireless Mouse Mouse: device is a pointer
[  5487.718] (II) config/udev: Adding input device MOSART Semi. 2.4G Wireless Mouse (/dev/input/event19)
[  5487.718] (II) No input driver specified, ignoring this device.
[  5487.718] (II) This device may have been added with another device file.
